{
  "C:/Users/grada/Desktop/VS projects/RSSchool-react/rss-react/src/components/Container/Container.tsx": {
    "path": "C:/Users/grada/Desktop/VS projects/RSSchool-react/rss-react/src/components/Container/Container.tsx",
    "statementMap": {
      "0": {
        "start": {
          "line": 5,
          "column": 0
        },
        "end": {
          "line": 15,
          "column": 1
        }
      },
      "1": {
        "start": {
          "line": 6,
          "column": 2
        },
        "end": {
          "line": 8,
          "column": 3
        }
      },
      "2": {
        "start": {
          "line": 7,
          "column": 4
        },
        "end": {
          "line": 7,
          "column": 165
        }
      },
      "3": {
        "start": {
          "line": 9,
          "column": 2
        },
        "end": {
          "line": 9,
          "column": 39
        }
      },
      "4": {
        "start": {
          "line": 10,
          "column": 2
        },
        "end": {
          "line": 10,
          "column": 39
        }
      },
      "5": {
        "start": {
          "line": 11,
          "column": 2
        },
        "end": {
          "line": 13,
          "column": 4
        }
      },
      "6": {
        "start": {
          "line": 12,
          "column": 4
        },
        "end": {
          "line": 12,
          "column": 142
        }
      },
      "7": {
        "start": {
          "line": 14,
          "column": 2
        },
        "end": {
          "line": 14,
          "column": 75
        }
      },
      "8": {
        "start": {
          "line": 19,
          "column": 2
        },
        "end": {
          "line": 23,
          "column": 11
        }
      },
      "9": {
        "start": {
          "line": 25,
          "column": 0
        },
        "end": {
          "line": 25,
          "column": 15
        }
      },
      "10": {
        "start": {
          "line": 27,
          "column": 0
        },
        "end": {
          "line": 27,
          "column": 30
        }
      },
      "11": {
        "start": {
          "line": 28,
          "column": 0
        },
        "end": {
          "line": 44,
          "column": 1
        }
      },
      "12": {
        "start": {
          "line": 29,
          "column": 2
        },
        "end": {
          "line": 29,
          "column": 39
        }
      },
      "13": {
        "start": {
          "line": 30,
          "column": 2
        },
        "end": {
          "line": 30,
          "column": 39
        }
      },
      "14": {
        "start": {
          "line": 31,
          "column": 2
        },
        "end": {
          "line": 43,
          "column": 5
        }
      },
      "15": {
        "start": {
          "line": 35,
          "column": 4
        },
        "end": {
          "line": 35,
          "column": 168
        }
      },
      "16": {
        "start": {
          "line": 36,
          "column": 4
        },
        "end": {
          "line": 42,
          "column": 7
        }
      },
      "17": {
        "start": {
          "line": 37,
          "column": 6
        },
        "end": {
          "line": 38,
          "column": 15
        }
      },
      "18": {
        "start": {
          "line": 38,
          "column": 8
        },
        "end": {
          "line": 38,
          "column": 15
        }
      },
      "19": {
        "start": {
          "line": 39,
          "column": 32
        },
        "end": {
          "line": 39,
          "column": 115
        }
      },
      "20": {
        "start": {
          "line": 40,
          "column": 6
        },
        "end": {
          "line": 41,
          "column": 54
        }
      },
      "21": {
        "start": {
          "line": 41,
          "column": 8
        },
        "end": {
          "line": 41,
          "column": 54
        }
      }
    },
    "fnMap": {
      "0": {
        "name": "(anonymous_0)",
        "decl": {
          "start": {
            "line": 11,
            "column": 24
          },
          "end": {
            "line": 11,
            "column": 25
          }
        },
        "loc": {
          "start": {
            "line": 11,
            "column": 38
          },
          "end": {
            "line": 13,
            "column": 3
          }
        },
        "line": 11
      },
      "1": {
        "name": "Container",
        "decl": {
          "start": {
            "line": 16,
            "column": 24
          },
          "end": {
            "line": 16,
            "column": 33
          }
        },
        "loc": {
          "start": {
            "line": 18,
            "column": 3
          },
          "end": {
            "line": 24,
            "column": 1
          }
        },
        "line": 18
      },
      "2": {
        "name": "(anonymous_2)",
        "decl": {
          "start": {
            "line": 34,
            "column": 9
          },
          "end": {
            "line": 34,
            "column": 10
          }
        },
        "loc": {
          "start": {
            "line": 34,
            "column": 29
          },
          "end": {
            "line": 43,
            "column": 3
          }
        },
        "line": 34
      },
      "3": {
        "name": "(anonymous_3)",
        "decl": {
          "start": {
            "line": 36,
            "column": 27
          },
          "end": {
            "line": 36,
            "column": 28
          }
        },
        "loc": {
          "start": {
            "line": 36,
            "column": 44
          },
          "end": {
            "line": 42,
            "column": 5
          }
        },
        "line": 36
      }
    },
    "branchMap": {
      "0": {
        "loc": {
          "start": {
            "line": 5,
            "column": 0
          },
          "end": {
            "line": 15,
            "column": 1
          }
        },
        "type": "if",
        "locations": [
          {
            "start": {
              "line": 5,
              "column": 0
            },
            "end": {
              "line": 15,
              "column": 1
            }
          },
          {
            "start": {},
            "end": {}
          }
        ],
        "line": 5
      },
      "1": {
        "loc": {
          "start": {
            "line": 6,
            "column": 2
          },
          "end": {
            "line": 8,
            "column": 3
          }
        },
        "type": "if",
        "locations": [
          {
            "start": {
              "line": 6,
              "column": 2
            },
            "end": {
              "line": 8,
              "column": 3
            }
          },
          {
            "start": {},
            "end": {}
          }
        ],
        "line": 6
      },
      "2": {
        "loc": {
          "start": {
            "line": 28,
            "column": 0
          },
          "end": {
            "line": 44,
            "column": 1
          }
        },
        "type": "if",
        "locations": [
          {
            "start": {
              "line": 28,
              "column": 0
            },
            "end": {
              "line": 44,
              "column": 1
            }
          },
          {
            "start": {},
            "end": {}
          }
        ],
        "line": 28
      },
      "3": {
        "loc": {
          "start": {
            "line": 37,
            "column": 6
          },
          "end": {
            "line": 38,
            "column": 15
          }
        },
        "type": "if",
        "locations": [
          {
            "start": {
              "line": 37,
              "column": 6
            },
            "end": {
              "line": 38,
              "column": 15
            }
          },
          {
            "start": {},
            "end": {}
          }
        ],
        "line": 37
      },
      "4": {
        "loc": {
          "start": {
            "line": 40,
            "column": 6
          },
          "end": {
            "line": 41,
            "column": 54
          }
        },
        "type": "if",
        "locations": [
          {
            "start": {
              "line": 40,
              "column": 6
            },
            "end": {
              "line": 41,
              "column": 54
            }
          },
          {
            "start": {},
            "end": {}
          }
        ],
        "line": 40
      }
    },
    "s": {
      "0": 82,
      "1": 82,
      "2": 0,
      "3": 82,
      "4": 82,
      "5": 82,
      "6": 82,
      "7": 82,
      "8": 398,
      "9": 82,
      "10": 82,
      "11": 82,
      "12": 82,
      "13": 82,
      "14": 82,
      "15": 68,
      "16": 68,
      "17": 0,
      "18": 0,
      "19": 0,
      "20": 0,
      "21": 0
    },
    "f": {
      "0": 82,
      "1": 398,
      "2": 68,
      "3": 0
    },
    "b": {
      "0": [
        82,
        0
      ],
      "1": [
        0,
        82
      ],
      "2": [
        82,
        0
      ],
      "3": [
        0,
        0
      ],
      "4": [
        0,
        0
      ]
    },
    "inputSourceMap": {
      "version": 3,
      "mappings": "AAGS;AAHT,OAAOA,oBAAkB;AAAe;AAAA;AAAA;AAAA;AAAA;AAAA;AAAA;AAAA;AAAA;AAAA;AAAA;AAAA;AAAA;AAExC,wBAAwBC,UAAU;AAAA,EAAEC;AAAkC,GAAG;AACvE,SAAO,uBAAC,SAAI,WAAU,wBAAwBA,YAAvC;AAAA;AAAA;AAAA;AAAA,SAAgD;AACzD;AAACC,KAFuBF;AAAS;AAAAG",
      "names": [
        "React",
        "Container",
        "children",
        "_c",
        "$RefreshReg$"
      ],
      "sources": [
        "C:/Users/grada/Desktop/VS projects/RSSchool-react/rss-react/src/components/Container/Container.tsx"
      ],
      "file": "C:/Users/grada/Desktop/VS projects/RSSchool-react/rss-react/src/components/Container/Container.tsx"
    },
    "_coverageSchema": "1a1c01bbd47fc00a2c39e90264f33305004495a9",
    "hash": "59cbb167cc0a5bb1dc78844c1541ea4c2fba7492"
  },
  "C:/Users/grada/Desktop/VS projects/RSSchool-react/rss-react/src/pages/AboutUs/AboutUs.tsx": {
    "path": "C:/Users/grada/Desktop/VS projects/RSSchool-react/rss-react/src/pages/AboutUs/AboutUs.tsx",
    "statementMap": {
      "0": {
        "start": {
          "line": 5,
          "column": 0
        },
        "end": {
          "line": 15,
          "column": 1
        }
      },
      "1": {
        "start": {
          "line": 6,
          "column": 2
        },
        "end": {
          "line": 8,
          "column": 3
        }
      },
      "2": {
        "start": {
          "line": 7,
          "column": 4
        },
        "end": {
          "line": 7,
          "column": 165
        }
      },
      "3": {
        "start": {
          "line": 9,
          "column": 2
        },
        "end": {
          "line": 9,
          "column": 39
        }
      },
      "4": {
        "start": {
          "line": 10,
          "column": 2
        },
        "end": {
          "line": 10,
          "column": 39
        }
      },
      "5": {
        "start": {
          "line": 11,
          "column": 2
        },
        "end": {
          "line": 13,
          "column": 4
        }
      },
      "6": {
        "start": {
          "line": 12,
          "column": 4
        },
        "end": {
          "line": 12,
          "column": 133
        }
      },
      "7": {
        "start": {
          "line": 14,
          "column": 2
        },
        "end": {
          "line": 14,
          "column": 75
        }
      },
      "8": {
        "start": {
          "line": 19,
          "column": 2
        },
        "end": {
          "line": 31,
          "column": 11
        }
      },
      "9": {
        "start": {
          "line": 33,
          "column": 0
        },
        "end": {
          "line": 33,
          "column": 13
        }
      },
      "10": {
        "start": {
          "line": 35,
          "column": 0
        },
        "end": {
          "line": 35,
          "column": 28
        }
      },
      "11": {
        "start": {
          "line": 36,
          "column": 0
        },
        "end": {
          "line": 52,
          "column": 1
        }
      },
      "12": {
        "start": {
          "line": 37,
          "column": 2
        },
        "end": {
          "line": 37,
          "column": 39
        }
      },
      "13": {
        "start": {
          "line": 38,
          "column": 2
        },
        "end": {
          "line": 38,
          "column": 39
        }
      },
      "14": {
        "start": {
          "line": 39,
          "column": 2
        },
        "end": {
          "line": 51,
          "column": 5
        }
      },
      "15": {
        "start": {
          "line": 43,
          "column": 4
        },
        "end": {
          "line": 43,
          "column": 159
        }
      },
      "16": {
        "start": {
          "line": 44,
          "column": 4
        },
        "end": {
          "line": 50,
          "column": 7
        }
      },
      "17": {
        "start": {
          "line": 45,
          "column": 6
        },
        "end": {
          "line": 46,
          "column": 15
        }
      },
      "18": {
        "start": {
          "line": 46,
          "column": 8
        },
        "end": {
          "line": 46,
          "column": 15
        }
      },
      "19": {
        "start": {
          "line": 47,
          "column": 32
        },
        "end": {
          "line": 47,
          "column": 115
        }
      },
      "20": {
        "start": {
          "line": 48,
          "column": 6
        },
        "end": {
          "line": 49,
          "column": 54
        }
      },
      "21": {
        "start": {
          "line": 49,
          "column": 8
        },
        "end": {
          "line": 49,
          "column": 54
        }
      }
    },
    "fnMap": {
      "0": {
        "name": "(anonymous_0)",
        "decl": {
          "start": {
            "line": 11,
            "column": 24
          },
          "end": {
            "line": 11,
            "column": 25
          }
        },
        "loc": {
          "start": {
            "line": 11,
            "column": 38
          },
          "end": {
            "line": 13,
            "column": 3
          }
        },
        "line": 11
      },
      "1": {
        "name": "AboutUs",
        "decl": {
          "start": {
            "line": 18,
            "column": 24
          },
          "end": {
            "line": 18,
            "column": 31
          }
        },
        "loc": {
          "start": {
            "line": 18,
            "column": 34
          },
          "end": {
            "line": 32,
            "column": 1
          }
        },
        "line": 18
      },
      "2": {
        "name": "(anonymous_2)",
        "decl": {
          "start": {
            "line": 42,
            "column": 9
          },
          "end": {
            "line": 42,
            "column": 10
          }
        },
        "loc": {
          "start": {
            "line": 42,
            "column": 29
          },
          "end": {
            "line": 51,
            "column": 3
          }
        },
        "line": 42
      },
      "3": {
        "name": "(anonymous_3)",
        "decl": {
          "start": {
            "line": 44,
            "column": 27
          },
          "end": {
            "line": 44,
            "column": 28
          }
        },
        "loc": {
          "start": {
            "line": 44,
            "column": 44
          },
          "end": {
            "line": 50,
            "column": 5
          }
        },
        "line": 44
      }
    },
    "branchMap": {
      "0": {
        "loc": {
          "start": {
            "line": 5,
            "column": 0
          },
          "end": {
            "line": 15,
            "column": 1
          }
        },
        "type": "if",
        "locations": [
          {
            "start": {
              "line": 5,
              "column": 0
            },
            "end": {
              "line": 15,
              "column": 1
            }
          },
          {
            "start": {},
            "end": {}
          }
        ],
        "line": 5
      },
      "1": {
        "loc": {
          "start": {
            "line": 6,
            "column": 2
          },
          "end": {
            "line": 8,
            "column": 3
          }
        },
        "type": "if",
        "locations": [
          {
            "start": {
              "line": 6,
              "column": 2
            },
            "end": {
              "line": 8,
              "column": 3
            }
          },
          {
            "start": {},
            "end": {}
          }
        ],
        "line": 6
      },
      "2": {
        "loc": {
          "start": {
            "line": 36,
            "column": 0
          },
          "end": {
            "line": 52,
            "column": 1
          }
        },
        "type": "if",
        "locations": [
          {
            "start": {
              "line": 36,
              "column": 0
            },
            "end": {
              "line": 52,
              "column": 1
            }
          },
          {
            "start": {},
            "end": {}
          }
        ],
        "line": 36
      },
      "3": {
        "loc": {
          "start": {
            "line": 45,
            "column": 6
          },
          "end": {
            "line": 46,
            "column": 15
          }
        },
        "type": "if",
        "locations": [
          {
            "start": {
              "line": 45,
              "column": 6
            },
            "end": {
              "line": 46,
              "column": 15
            }
          },
          {
            "start": {},
            "end": {}
          }
        ],
        "line": 45
      },
      "4": {
        "loc": {
          "start": {
            "line": 48,
            "column": 6
          },
          "end": {
            "line": 49,
            "column": 54
          }
        },
        "type": "if",
        "locations": [
          {
            "start": {
              "line": 48,
              "column": 6
            },
            "end": {
              "line": 49,
              "column": 54
            }
          },
          {
            "start": {},
            "end": {}
          }
        ],
        "line": 48
      }
    },
    "s": {
      "0": 82,
      "1": 82,
      "2": 0,
      "3": 82,
      "4": 82,
      "5": 82,
      "6": 82,
      "7": 82,
      "8": 16,
      "9": 82,
      "10": 82,
      "11": 82,
      "12": 82,
      "13": 82,
      "14": 82,
      "15": 68,
      "16": 68,
      "17": 0,
      "18": 0,
      "19": 0,
      "20": 0,
      "21": 0
    },
    "f": {
      "0": 82,
      "1": 16,
      "2": 68,
      "3": 0
    },
    "b": {
      "0": [
        82,
        0
      ],
      "1": [
        0,
        82
      ],
      "2": [
        82,
        0
      ],
      "3": [
        0,
        0
      ],
      "4": [
        0,
        0
      ]
    },
    "inputSourceMap": {
      "version": 3,
      "mappings": "AAQQ;AARR,OAAOA,oBAAe;AAAA;AAAsC;AAAA;AAAA;AAAA;AAAA;AAAA;AAAA;AAAA;AAAA;AAAA;AAAA;AAAA;AAAA;AAE5D,OAAOC,aAAa;AAEpB,wBAAwBC,UAAU;AAChC,SACE,uBAAC,aAAQ,WAAWD,QAAQE,OAC1B,iCAAC,aACC,iCAAC,OAAE,WAAWF,QAAQG,cAAc,qmCAApC;AAAA;AAAA;AAAA;AAAA,SAcA,KAfF;AAAA;AAAA;AAAA;AAAA,SAgBA,KAjBF;AAAA;AAAA;AAAA;AAAA,SAkBA;AAEJ;AAACC,KAtBuBH;AAAO;AAAAI",
      "names": [
        "Container",
        "classes",
        "AboutUs",
        "about",
        "about__descr",
        "_c",
        "$RefreshReg$"
      ],
      "sources": [
        "C:/Users/grada/Desktop/VS projects/RSSchool-react/rss-react/src/pages/AboutUs/AboutUs.tsx"
      ],
      "file": "C:/Users/grada/Desktop/VS projects/RSSchool-react/rss-react/src/pages/AboutUs/AboutUs.tsx"
    },
    "_coverageSchema": "1a1c01bbd47fc00a2c39e90264f33305004495a9",
    "hash": "49a969874f76fc9ef2d1cb6fcaef4b31504f8e60"
  },
  "C:/Users/grada/Desktop/VS projects/RSSchool-react/rss-react/src/pages/ErrorPage/ErrorPage.tsx": {
    "path": "C:/Users/grada/Desktop/VS projects/RSSchool-react/rss-react/src/pages/ErrorPage/ErrorPage.tsx",
    "statementMap": {
      "0": {
        "start": {
          "line": 5,
          "column": 0
        },
        "end": {
          "line": 15,
          "column": 1
        }
      },
      "1": {
        "start": {
          "line": 6,
          "column": 2
        },
        "end": {
          "line": 8,
          "column": 3
        }
      },
      "2": {
        "start": {
          "line": 7,
          "column": 4
        },
        "end": {
          "line": 7,
          "column": 165
        }
      },
      "3": {
        "start": {
          "line": 9,
          "column": 2
        },
        "end": {
          "line": 9,
          "column": 39
        }
      },
      "4": {
        "start": {
          "line": 10,
          "column": 2
        },
        "end": {
          "line": 10,
          "column": 39
        }
      },
      "5": {
        "start": {
          "line": 11,
          "column": 2
        },
        "end": {
          "line": 13,
          "column": 4
        }
      },
      "6": {
        "start": {
          "line": 12,
          "column": 4
        },
        "end": {
          "line": 12,
          "column": 137
        }
      },
      "7": {
        "start": {
          "line": 14,
          "column": 2
        },
        "end": {
          "line": 14,
          "column": 75
        }
      },
      "8": {
        "start": {
          "line": 18,
          "column": 2
        },
        "end": {
          "line": 26,
          "column": 11
        }
      },
      "9": {
        "start": {
          "line": 28,
          "column": 0
        },
        "end": {
          "line": 28,
          "column": 15
        }
      },
      "10": {
        "start": {
          "line": 30,
          "column": 0
        },
        "end": {
          "line": 30,
          "column": 30
        }
      },
      "11": {
        "start": {
          "line": 31,
          "column": 0
        },
        "end": {
          "line": 47,
          "column": 1
        }
      },
      "12": {
        "start": {
          "line": 32,
          "column": 2
        },
        "end": {
          "line": 32,
          "column": 39
        }
      },
      "13": {
        "start": {
          "line": 33,
          "column": 2
        },
        "end": {
          "line": 33,
          "column": 39
        }
      },
      "14": {
        "start": {
          "line": 34,
          "column": 2
        },
        "end": {
          "line": 46,
          "column": 5
        }
      },
      "15": {
        "start": {
          "line": 38,
          "column": 4
        },
        "end": {
          "line": 38,
          "column": 163
        }
      },
      "16": {
        "start": {
          "line": 39,
          "column": 4
        },
        "end": {
          "line": 45,
          "column": 7
        }
      },
      "17": {
        "start": {
          "line": 40,
          "column": 6
        },
        "end": {
          "line": 41,
          "column": 15
        }
      },
      "18": {
        "start": {
          "line": 41,
          "column": 8
        },
        "end": {
          "line": 41,
          "column": 15
        }
      },
      "19": {
        "start": {
          "line": 42,
          "column": 32
        },
        "end": {
          "line": 42,
          "column": 115
        }
      },
      "20": {
        "start": {
          "line": 43,
          "column": 6
        },
        "end": {
          "line": 44,
          "column": 54
        }
      },
      "21": {
        "start": {
          "line": 44,
          "column": 8
        },
        "end": {
          "line": 44,
          "column": 54
        }
      }
    },
    "fnMap": {
      "0": {
        "name": "(anonymous_0)",
        "decl": {
          "start": {
            "line": 11,
            "column": 24
          },
          "end": {
            "line": 11,
            "column": 25
          }
        },
        "loc": {
          "start": {
            "line": 11,
            "column": 38
          },
          "end": {
            "line": 13,
            "column": 3
          }
        },
        "line": 11
      },
      "1": {
        "name": "ErrorPage",
        "decl": {
          "start": {
            "line": 17,
            "column": 24
          },
          "end": {
            "line": 17,
            "column": 33
          }
        },
        "loc": {
          "start": {
            "line": 17,
            "column": 36
          },
          "end": {
            "line": 27,
            "column": 1
          }
        },
        "line": 17
      },
      "2": {
        "name": "(anonymous_2)",
        "decl": {
          "start": {
            "line": 37,
            "column": 9
          },
          "end": {
            "line": 37,
            "column": 10
          }
        },
        "loc": {
          "start": {
            "line": 37,
            "column": 29
          },
          "end": {
            "line": 46,
            "column": 3
          }
        },
        "line": 37
      },
      "3": {
        "name": "(anonymous_3)",
        "decl": {
          "start": {
            "line": 39,
            "column": 27
          },
          "end": {
            "line": 39,
            "column": 28
          }
        },
        "loc": {
          "start": {
            "line": 39,
            "column": 44
          },
          "end": {
            "line": 45,
            "column": 5
          }
        },
        "line": 39
      }
    },
    "branchMap": {
      "0": {
        "loc": {
          "start": {
            "line": 5,
            "column": 0
          },
          "end": {
            "line": 15,
            "column": 1
          }
        },
        "type": "if",
        "locations": [
          {
            "start": {
              "line": 5,
              "column": 0
            },
            "end": {
              "line": 15,
              "column": 1
            }
          },
          {
            "start": {},
            "end": {}
          }
        ],
        "line": 5
      },
      "1": {
        "loc": {
          "start": {
            "line": 6,
            "column": 2
          },
          "end": {
            "line": 8,
            "column": 3
          }
        },
        "type": "if",
        "locations": [
          {
            "start": {
              "line": 6,
              "column": 2
            },
            "end": {
              "line": 8,
              "column": 3
            }
          },
          {
            "start": {},
            "end": {}
          }
        ],
        "line": 6
      },
      "2": {
        "loc": {
          "start": {
            "line": 31,
            "column": 0
          },
          "end": {
            "line": 47,
            "column": 1
          }
        },
        "type": "if",
        "locations": [
          {
            "start": {
              "line": 31,
              "column": 0
            },
            "end": {
              "line": 47,
              "column": 1
            }
          },
          {
            "start": {},
            "end": {}
          }
        ],
        "line": 31
      },
      "3": {
        "loc": {
          "start": {
            "line": 40,
            "column": 6
          },
          "end": {
            "line": 41,
            "column": 15
          }
        },
        "type": "if",
        "locations": [
          {
            "start": {
              "line": 40,
              "column": 6
            },
            "end": {
              "line": 41,
              "column": 15
            }
          },
          {
            "start": {},
            "end": {}
          }
        ],
        "line": 40
      },
      "4": {
        "loc": {
          "start": {
            "line": 43,
            "column": 6
          },
          "end": {
            "line": 44,
            "column": 54
          }
        },
        "type": "if",
        "locations": [
          {
            "start": {
              "line": 43,
              "column": 6
            },
            "end": {
              "line": 44,
              "column": 54
            }
          },
          {
            "start": {},
            "end": {}
          }
        ],
        "line": 43
      }
    },
    "s": {
      "0": 82,
      "1": 82,
      "2": 0,
      "3": 82,
      "4": 82,
      "5": 82,
      "6": 82,
      "7": 82,
      "8": 16,
      "9": 82,
      "10": 82,
      "11": 82,
      "12": 82,
      "13": 82,
      "14": 82,
      "15": 68,
      "16": 68,
      "17": 0,
      "18": 0,
      "19": 0,
      "20": 0,
      "21": 0
    },
    "f": {
      "0": 82,
      "1": 16,
      "2": 68,
      "3": 0
    },
    "b": {
      "0": [
        82,
        0
      ],
      "1": [
        0,
        82
      ],
      "2": [
        82,
        0
      ],
      "3": [
        0,
        0
      ],
      "4": [
        0,
        0
      ]
    },
    "inputSourceMap": {
      "version": 3,
      "mappings": "AAMM;AANN,OAAOA,oBAAkB;AAAA;AAAA;AAAA;AAAA;AAAA;AAAA;AAAA;AAAA;AAAA;AAAA;AAAA;AAAA;AAAA;AACzB,OAAOC,aAAa;AAEpB,wBAAwBC,YAAY;AAClC,SACE,uBAAC,aAAQ,WAAWD,QAAQE,OAC1B,iCAAC,QAAG,WAAWF,QAAQG,cAAc,mBAArC;AAAA;AAAA;AAAA;AAAA,SAAwC,KAD1C;AAAA;AAAA;AAAA;AAAA,SAEA;AAEJ;AAACC,KANuBH;AAAS;AAAAI",
      "names": [
        "React",
        "classes",
        "ErrorPage",
        "error",
        "error__title",
        "_c",
        "$RefreshReg$"
      ],
      "sources": [
        "C:/Users/grada/Desktop/VS projects/RSSchool-react/rss-react/src/pages/ErrorPage/ErrorPage.tsx"
      ],
      "file": "C:/Users/grada/Desktop/VS projects/RSSchool-react/rss-react/src/pages/ErrorPage/ErrorPage.tsx"
    },
    "_coverageSchema": "1a1c01bbd47fc00a2c39e90264f33305004495a9",
    "hash": "e7f22e6d0b7aa6f71ed5191d5e1193f84abedb72"
  },
  "C:/Users/grada/Desktop/VS projects/RSSchool-react/rss-react/src/components/ModalWindow/ModalWindow.tsx": {
    "path": "C:/Users/grada/Desktop/VS projects/RSSchool-react/rss-react/src/components/ModalWindow/ModalWindow.tsx",
    "statementMap": {
      "0": {
        "start": {
          "line": 5,
          "column": 0
        },
        "end": {
          "line": 15,
          "column": 1
        }
      },
      "1": {
        "start": {
          "line": 6,
          "column": 2
        },
        "end": {
          "line": 8,
          "column": 3
        }
      },
      "2": {
        "start": {
          "line": 7,
          "column": 4
        },
        "end": {
          "line": 7,
          "column": 165
        }
      },
      "3": {
        "start": {
          "line": 9,
          "column": 2
        },
        "end": {
          "line": 9,
          "column": 39
        }
      },
      "4": {
        "start": {
          "line": 10,
          "column": 2
        },
        "end": {
          "line": 10,
          "column": 39
        }
      },
      "5": {
        "start": {
          "line": 11,
          "column": 2
        },
        "end": {
          "line": 13,
          "column": 4
        }
      },
      "6": {
        "start": {
          "line": 12,
          "column": 4
        },
        "end": {
          "line": 12,
          "column": 146
        }
      },
      "7": {
        "start": {
          "line": 14,
          "column": 2
        },
        "end": {
          "line": 14,
          "column": 75
        }
      },
      "8": {
        "start": {
          "line": 22,
          "column": 2
        },
        "end": {
          "line": 37,
          "column": 53
        }
      },
      "9": {
        "start": {
          "line": 22,
          "column": 117
        },
        "end": {
          "line": 22,
          "column": 144
        }
      },
      "10": {
        "start": {
          "line": 22,
          "column": 238
        },
        "end": {
          "line": 22,
          "column": 257
        }
      },
      "11": {
        "start": {
          "line": 23,
          "column": 85
        },
        "end": {
          "line": 23,
          "column": 112
        }
      },
      "12": {
        "start": {
          "line": 39,
          "column": 0
        },
        "end": {
          "line": 39,
          "column": 17
        }
      },
      "13": {
        "start": {
          "line": 41,
          "column": 0
        },
        "end": {
          "line": 41,
          "column": 32
        }
      },
      "14": {
        "start": {
          "line": 42,
          "column": 0
        },
        "end": {
          "line": 58,
          "column": 1
        }
      },
      "15": {
        "start": {
          "line": 43,
          "column": 2
        },
        "end": {
          "line": 43,
          "column": 39
        }
      },
      "16": {
        "start": {
          "line": 44,
          "column": 2
        },
        "end": {
          "line": 44,
          "column": 39
        }
      },
      "17": {
        "start": {
          "line": 45,
          "column": 2
        },
        "end": {
          "line": 57,
          "column": 5
        }
      },
      "18": {
        "start": {
          "line": 49,
          "column": 4
        },
        "end": {
          "line": 49,
          "column": 172
        }
      },
      "19": {
        "start": {
          "line": 50,
          "column": 4
        },
        "end": {
          "line": 56,
          "column": 7
        }
      },
      "20": {
        "start": {
          "line": 51,
          "column": 6
        },
        "end": {
          "line": 52,
          "column": 15
        }
      },
      "21": {
        "start": {
          "line": 52,
          "column": 8
        },
        "end": {
          "line": 52,
          "column": 15
        }
      },
      "22": {
        "start": {
          "line": 53,
          "column": 32
        },
        "end": {
          "line": 53,
          "column": 115
        }
      },
      "23": {
        "start": {
          "line": 54,
          "column": 6
        },
        "end": {
          "line": 55,
          "column": 54
        }
      },
      "24": {
        "start": {
          "line": 55,
          "column": 8
        },
        "end": {
          "line": 55,
          "column": 54
        }
      }
    },
    "fnMap": {
      "0": {
        "name": "(anonymous_0)",
        "decl": {
          "start": {
            "line": 11,
            "column": 24
          },
          "end": {
            "line": 11,
            "column": 25
          }
        },
        "loc": {
          "start": {
            "line": 11,
            "column": 38
          },
          "end": {
            "line": 13,
            "column": 3
          }
        },
        "line": 11
      },
      "1": {
        "name": "ModalWindow",
        "decl": {
          "start": {
            "line": 18,
            "column": 24
          },
          "end": {
            "line": 18,
            "column": 35
          }
        },
        "loc": {
          "start": {
            "line": 21,
            "column": 3
          },
          "end": {
            "line": 38,
            "column": 1
          }
        },
        "line": 21
      },
      "2": {
        "name": "(anonymous_2)",
        "decl": {
          "start": {
            "line": 22,
            "column": 111
          },
          "end": {
            "line": 22,
            "column": 112
          }
        },
        "loc": {
          "start": {
            "line": 22,
            "column": 117
          },
          "end": {
            "line": 22,
            "column": 144
          }
        },
        "line": 22
      },
      "3": {
        "name": "(anonymous_3)",
        "decl": {
          "start": {
            "line": 22,
            "column": 231
          },
          "end": {
            "line": 22,
            "column": 232
          }
        },
        "loc": {
          "start": {
            "line": 22,
            "column": 238
          },
          "end": {
            "line": 22,
            "column": 257
          }
        },
        "line": 22
      },
      "4": {
        "name": "(anonymous_4)",
        "decl": {
          "start": {
            "line": 23,
            "column": 79
          },
          "end": {
            "line": 23,
            "column": 80
          }
        },
        "loc": {
          "start": {
            "line": 23,
            "column": 85
          },
          "end": {
            "line": 23,
            "column": 112
          }
        },
        "line": 23
      },
      "5": {
        "name": "(anonymous_5)",
        "decl": {
          "start": {
            "line": 48,
            "column": 9
          },
          "end": {
            "line": 48,
            "column": 10
          }
        },
        "loc": {
          "start": {
            "line": 48,
            "column": 29
          },
          "end": {
            "line": 57,
            "column": 3
          }
        },
        "line": 48
      },
      "6": {
        "name": "(anonymous_6)",
        "decl": {
          "start": {
            "line": 50,
            "column": 27
          },
          "end": {
            "line": 50,
            "column": 28
          }
        },
        "loc": {
          "start": {
            "line": 50,
            "column": 44
          },
          "end": {
            "line": 56,
            "column": 5
          }
        },
        "line": 50
      }
    },
    "branchMap": {
      "0": {
        "loc": {
          "start": {
            "line": 5,
            "column": 0
          },
          "end": {
            "line": 15,
            "column": 1
          }
        },
        "type": "if",
        "locations": [
          {
            "start": {
              "line": 5,
              "column": 0
            },
            "end": {
              "line": 15,
              "column": 1
            }
          },
          {
            "start": {},
            "end": {}
          }
        ],
        "line": 5
      },
      "1": {
        "loc": {
          "start": {
            "line": 6,
            "column": 2
          },
          "end": {
            "line": 8,
            "column": 3
          }
        },
        "type": "if",
        "locations": [
          {
            "start": {
              "line": 6,
              "column": 2
            },
            "end": {
              "line": 8,
              "column": 3
            }
          },
          {
            "start": {},
            "end": {}
          }
        ],
        "line": 6
      },
      "2": {
        "loc": {
          "start": {
            "line": 22,
            "column": 117
          },
          "end": {
            "line": 22,
            "column": 144
          }
        },
        "type": "binary-expr",
        "locations": [
          {
            "start": {
              "line": 22,
              "column": 117
            },
            "end": {
              "line": 22,
              "column": 125
            }
          },
          {
            "start": {
              "line": 22,
              "column": 129
            },
            "end": {
              "line": 22,
              "column": 144
            }
          }
        ],
        "line": 22
      },
      "3": {
        "loc": {
          "start": {
            "line": 23,
            "column": 85
          },
          "end": {
            "line": 23,
            "column": 112
          }
        },
        "type": "binary-expr",
        "locations": [
          {
            "start": {
              "line": 23,
              "column": 85
            },
            "end": {
              "line": 23,
              "column": 93
            }
          },
          {
            "start": {
              "line": 23,
              "column": 97
            },
            "end": {
              "line": 23,
              "column": 112
            }
          }
        ],
        "line": 23
      },
      "4": {
        "loc": {
          "start": {
            "line": 42,
            "column": 0
          },
          "end": {
            "line": 58,
            "column": 1
          }
        },
        "type": "if",
        "locations": [
          {
            "start": {
              "line": 42,
              "column": 0
            },
            "end": {
              "line": 58,
              "column": 1
            }
          },
          {
            "start": {},
            "end": {}
          }
        ],
        "line": 42
      },
      "5": {
        "loc": {
          "start": {
            "line": 51,
            "column": 6
          },
          "end": {
            "line": 52,
            "column": 15
          }
        },
        "type": "if",
        "locations": [
          {
            "start": {
              "line": 51,
              "column": 6
            },
            "end": {
              "line": 52,
              "column": 15
            }
          },
          {
            "start": {},
            "end": {}
          }
        ],
        "line": 51
      },
      "6": {
        "loc": {
          "start": {
            "line": 54,
            "column": 6
          },
          "end": {
            "line": 55,
            "column": 54
          }
        },
        "type": "if",
        "locations": [
          {
            "start": {
              "line": 54,
              "column": 6
            },
            "end": {
              "line": 55,
              "column": 54
            }
          },
          {
            "start": {},
            "end": {}
          }
        ],
        "line": 54
      }
    },
    "s": {
      "0": 82,
      "1": 82,
      "2": 0,
      "3": 82,
      "4": 82,
      "5": 82,
      "6": 82,
      "7": 82,
      "8": 34,
      "9": 0,
      "10": 14,
      "11": 14,
      "12": 82,
      "13": 82,
      "14": 82,
      "15": 82,
      "16": 82,
      "17": 82,
      "18": 76,
      "19": 76,
      "20": 0,
      "21": 0,
      "22": 0,
      "23": 0,
      "24": 0
    },
    "f": {
      "0": 82,
      "1": 34,
      "2": 0,
      "3": 14,
      "4": 14,
      "5": 76,
      "6": 0
    },
    "b": {
      "0": [
        82,
        0
      ],
      "1": [
        0,
        82
      ],
      "2": [
        0,
        0
      ],
      "3": [
        14,
        14
      ],
      "4": [
        82,
        0
      ],
      "5": [
        0,
        0
      ],
      "6": [
        0,
        0
      ]
    },
    "inputSourceMap": {
      "version": 3,
      "mappings": "AAcQ;AAdR,OAAOA,oBAAkB;AAAA;AAAA;AAAA;AAAA;AAAA;AAAA;AAAA;AAAA;AAAA;AAAA;AAAA;AAAA;AAAA;AACzB,OAAOC,cAAc;AACrB,OAAOC,aAAa;AAEpB,wBAAwBC,YAAY;AAAA,EAClCC;AAAAA,EACAC;AAIF,GAAG;AACD,SAAOJ,SAASK,aACd,uBAAC,aAAQ,WAAWJ,QAAQK,gBAAgB,SAAS,MAAMH,YAAYA,SAAS,KAAK,GACnF,iCAAC,SAAI,WAAWF,QAAQM,eAAe,SAAUC,OAAMA,EAAEC,gBAAe,GACtE;AAAA,2BAAC,UAAK,WAAWR,QAAQS,cAAc,SAAS,MAAMP,YAAYA,SAAS,KAAK,GAAG,iBAAnF;AAAA;AAAA;AAAA;AAAA,WAEA;AAAA,IACCC;AAAAA,OAJH;AAAA;AAAA;AAAA;AAAA,SAKA,KANF;AAAA;AAAA;AAAA;AAAA,SAOA,GACAO,SAASC,eAAe,cAAc,CAAgB;AAE1D;AAACC,KAlBuBX;AAAW;AAAAY",
      "names": [
        "React",
        "ReactDOM",
        "classes",
        "ModalWindow",
        "setModal",
        "children",
        "createPortal",
        "modal__overlay",
        "modal__window",
        "e",
        "stopPropagation",
        "modal__close",
        "document",
        "getElementById",
        "_c",
        "$RefreshReg$"
      ],
      "sources": [
        "C:/Users/grada/Desktop/VS projects/RSSchool-react/rss-react/src/components/ModalWindow/ModalWindow.tsx"
      ],
      "file": "C:/Users/grada/Desktop/VS projects/RSSchool-react/rss-react/src/components/ModalWindow/ModalWindow.tsx"
    },
    "_coverageSchema": "1a1c01bbd47fc00a2c39e90264f33305004495a9",
    "hash": "53ec0f1f690982b99dc66c1504a4c720249356a4"
  },
  "C:/Users/grada/Desktop/VS projects/RSSchool-react/rss-react/src/service/rickAndMortyApi.ts": {
    "path": "C:/Users/grada/Desktop/VS projects/RSSchool-react/rss-react/src/service/rickAndMortyApi.ts",
    "statementMap": {
      "0": {
        "start": {
          "line": 2,
          "column": 31
        },
        "end": {
          "line": 13,
          "column": 2
        }
      },
      "1": {
        "start": {
          "line": 5,
          "column": 27
        },
        "end": {
          "line": 12,
          "column": 3
        }
      },
      "2": {
        "start": {
          "line": 7,
          "column": 28
        },
        "end": {
          "line": 7,
          "column": 53
        }
      },
      "3": {
        "start": {
          "line": 10,
          "column": 21
        },
        "end": {
          "line": 10,
          "column": 38
        }
      },
      "4": {
        "start": {
          "line": 14,
          "column": 72
        },
        "end": {
          "line": 14,
          "column": 87
        }
      }
    },
    "fnMap": {
      "0": {
        "name": "(anonymous_0)",
        "decl": {
          "start": {
            "line": 5,
            "column": 13
          },
          "end": {
            "line": 5,
            "column": 14
          }
        },
        "loc": {
          "start": {
            "line": 5,
            "column": 27
          },
          "end": {
            "line": 12,
            "column": 3
          }
        },
        "line": 5
      },
      "1": {
        "name": "(anonymous_1)",
        "decl": {
          "start": {
            "line": 7,
            "column": 13
          },
          "end": {
            "line": 7,
            "column": 14
          }
        },
        "loc": {
          "start": {
            "line": 7,
            "column": 28
          },
          "end": {
            "line": 7,
            "column": 53
          }
        },
        "line": 7
      },
      "2": {
        "name": "(anonymous_2)",
        "decl": {
          "start": {
            "line": 10,
            "column": 13
          },
          "end": {
            "line": 10,
            "column": 14
          }
        },
        "loc": {
          "start": {
            "line": 10,
            "column": 21
          },
          "end": {
            "line": 10,
            "column": 38
          }
        },
        "line": 10
      }
    },
    "branchMap": {
      "0": {
        "loc": {
          "start": {
            "line": 7,
            "column": 14
          },
          "end": {
            "line": 7,
            "column": 23
          }
        },
        "type": "default-arg",
        "locations": [
          {
            "start": {
              "line": 7,
              "column": 21
            },
            "end": {
              "line": 7,
              "column": 23
            }
          }
        ],
        "line": 7
      }
    },
    "s": {
      "0": 82,
      "1": 82,
      "2": 34,
      "3": 43,
      "4": 82
    },
    "f": {
      "0": 82,
      "1": 34,
      "2": 43
    },
    "b": {
      "0": [
        0
      ]
    },
    "inputSourceMap": {
      "version": 3,
      "sources": [
        "C:/Users/grada/Desktop/VS projects/RSSchool-react/rss-react/src/service/rickAndMortyApi.ts"
      ],
      "mappings": "AAAA,SAAS,WAAW,sBAAsB;AAwBnC,aAAM,kBAAkB,UAAU;AAAA,EACvC,aAAa;AAAA,EACb,WAAW,eAAe,EAAE,SAAS,mCAAmC,CAAC;AAAA,EACzE,WAAW,CAAC,aAAa;AAAA,IACvB,kBAAkB,QAAQ,MAAqB;AAAA,MAC7C,OAAO,CAAC,OAAO,OAAO,mBAAmB;AAAA,IAC3C,CAAC;AAAA,IACD,oBAAoB,QAAQ,MAA0B;AAAA,MACpD,OAAO,CAAC,OAAe,aAAa;AAAA,IACtC,CAAC;AAAA,EACH;AACF,CAAC;AAEM,aAAM,EAAE,0BAA0B,2BAA2B,IAAI;",
      "names": []
    },
    "_coverageSchema": "1a1c01bbd47fc00a2c39e90264f33305004495a9",
    "hash": "7606451b5d5e922bd5d7e4251c633729cebd874c"
  },
  "C:/Users/grada/Desktop/VS projects/RSSchool-react/rss-react/src/pages/Home/CardList/Card/Card.tsx": {
    "path": "C:/Users/grada/Desktop/VS projects/RSSchool-react/rss-react/src/pages/Home/CardList/Card/Card.tsx",
    "statementMap": {
      "0": {
        "start": {
          "line": 5,
          "column": 0
        },
        "end": {
          "line": 15,
          "column": 1
        }
      },
      "1": {
        "start": {
          "line": 6,
          "column": 2
        },
        "end": {
          "line": 8,
          "column": 3
        }
      },
      "2": {
        "start": {
          "line": 7,
          "column": 4
        },
        "end": {
          "line": 7,
          "column": 165
        }
      },
      "3": {
        "start": {
          "line": 9,
          "column": 2
        },
        "end": {
          "line": 9,
          "column": 39
        }
      },
      "4": {
        "start": {
          "line": 10,
          "column": 2
        },
        "end": {
          "line": 10,
          "column": 39
        }
      },
      "5": {
        "start": {
          "line": 11,
          "column": 2
        },
        "end": {
          "line": 13,
          "column": 4
        }
      },
      "6": {
        "start": {
          "line": 12,
          "column": 4
        },
        "end": {
          "line": 12,
          "column": 141
        }
      },
      "7": {
        "start": {
          "line": 14,
          "column": 2
        },
        "end": {
          "line": 14,
          "column": 75
        }
      },
      "8": {
        "start": {
          "line": 23,
          "column": 4
        },
        "end": {
          "line": 23,
          "column": 38
        }
      },
      "9": {
        "start": {
          "line": 24,
          "column": 4
        },
        "end": {
          "line": 24,
          "column": 19
        }
      },
      "10": {
        "start": {
          "line": 26,
          "column": 2
        },
        "end": {
          "line": 45,
          "column": 11
        }
      },
      "11": {
        "start": {
          "line": 47,
          "column": 0
        },
        "end": {
          "line": 47,
          "column": 10
        }
      },
      "12": {
        "start": {
          "line": 49,
          "column": 0
        },
        "end": {
          "line": 49,
          "column": 25
        }
      },
      "13": {
        "start": {
          "line": 50,
          "column": 0
        },
        "end": {
          "line": 66,
          "column": 1
        }
      },
      "14": {
        "start": {
          "line": 51,
          "column": 2
        },
        "end": {
          "line": 51,
          "column": 39
        }
      },
      "15": {
        "start": {
          "line": 52,
          "column": 2
        },
        "end": {
          "line": 52,
          "column": 39
        }
      },
      "16": {
        "start": {
          "line": 53,
          "column": 2
        },
        "end": {
          "line": 65,
          "column": 5
        }
      },
      "17": {
        "start": {
          "line": 57,
          "column": 4
        },
        "end": {
          "line": 57,
          "column": 167
        }
      },
      "18": {
        "start": {
          "line": 58,
          "column": 4
        },
        "end": {
          "line": 64,
          "column": 7
        }
      },
      "19": {
        "start": {
          "line": 59,
          "column": 6
        },
        "end": {
          "line": 60,
          "column": 15
        }
      },
      "20": {
        "start": {
          "line": 60,
          "column": 8
        },
        "end": {
          "line": 60,
          "column": 15
        }
      },
      "21": {
        "start": {
          "line": 61,
          "column": 32
        },
        "end": {
          "line": 61,
          "column": 115
        }
      },
      "22": {
        "start": {
          "line": 62,
          "column": 6
        },
        "end": {
          "line": 63,
          "column": 54
        }
      },
      "23": {
        "start": {
          "line": 63,
          "column": 8
        },
        "end": {
          "line": 63,
          "column": 54
        }
      }
    },
    "fnMap": {
      "0": {
        "name": "(anonymous_0)",
        "decl": {
          "start": {
            "line": 11,
            "column": 24
          },
          "end": {
            "line": 11,
            "column": 25
          }
        },
        "loc": {
          "start": {
            "line": 11,
            "column": 38
          },
          "end": {
            "line": 13,
            "column": 3
          }
        },
        "line": 11
      },
      "1": {
        "name": "Card",
        "decl": {
          "start": {
            "line": 17,
            "column": 24
          },
          "end": {
            "line": 17,
            "column": 28
          }
        },
        "loc": {
          "start": {
            "line": 21,
            "column": 3
          },
          "end": {
            "line": 46,
            "column": 1
          }
        },
        "line": 21
      },
      "2": {
        "name": "handleClick",
        "decl": {
          "start": {
            "line": 22,
            "column": 11
          },
          "end": {
            "line": 22,
            "column": 22
          }
        },
        "loc": {
          "start": {
            "line": 22,
            "column": 30
          },
          "end": {
            "line": 25,
            "column": 3
          }
        },
        "line": 22
      },
      "3": {
        "name": "(anonymous_3)",
        "decl": {
          "start": {
            "line": 56,
            "column": 9
          },
          "end": {
            "line": 56,
            "column": 10
          }
        },
        "loc": {
          "start": {
            "line": 56,
            "column": 29
          },
          "end": {
            "line": 65,
            "column": 3
          }
        },
        "line": 56
      },
      "4": {
        "name": "(anonymous_4)",
        "decl": {
          "start": {
            "line": 58,
            "column": 27
          },
          "end": {
            "line": 58,
            "column": 28
          }
        },
        "loc": {
          "start": {
            "line": 58,
            "column": 44
          },
          "end": {
            "line": 64,
            "column": 5
          }
        },
        "line": 58
      }
    },
    "branchMap": {
      "0": {
        "loc": {
          "start": {
            "line": 5,
            "column": 0
          },
          "end": {
            "line": 15,
            "column": 1
          }
        },
        "type": "if",
        "locations": [
          {
            "start": {
              "line": 5,
              "column": 0
            },
            "end": {
              "line": 15,
              "column": 1
            }
          },
          {
            "start": {},
            "end": {}
          }
        ],
        "line": 5
      },
      "1": {
        "loc": {
          "start": {
            "line": 6,
            "column": 2
          },
          "end": {
            "line": 8,
            "column": 3
          }
        },
        "type": "if",
        "locations": [
          {
            "start": {
              "line": 6,
              "column": 2
            },
            "end": {
              "line": 8,
              "column": 3
            }
          },
          {
            "start": {},
            "end": {}
          }
        ],
        "line": 6
      },
      "2": {
        "loc": {
          "start": {
            "line": 50,
            "column": 0
          },
          "end": {
            "line": 66,
            "column": 1
          }
        },
        "type": "if",
        "locations": [
          {
            "start": {
              "line": 50,
              "column": 0
            },
            "end": {
              "line": 66,
              "column": 1
            }
          },
          {
            "start": {},
            "end": {}
          }
        ],
        "line": 50
      },
      "3": {
        "loc": {
          "start": {
            "line": 59,
            "column": 6
          },
          "end": {
            "line": 60,
            "column": 15
          }
        },
        "type": "if",
        "locations": [
          {
            "start": {
              "line": 59,
              "column": 6
            },
            "end": {
              "line": 60,
              "column": 15
            }
          },
          {
            "start": {},
            "end": {}
          }
        ],
        "line": 59
      },
      "4": {
        "loc": {
          "start": {
            "line": 62,
            "column": 6
          },
          "end": {
            "line": 63,
            "column": 54
          }
        },
        "type": "if",
        "locations": [
          {
            "start": {
              "line": 62,
              "column": 6
            },
            "end": {
              "line": 63,
              "column": 54
            }
          },
          {
            "start": {},
            "end": {}
          }
        ],
        "line": 62
      }
    },
    "s": {
      "0": 82,
      "1": 82,
      "2": 0,
      "3": 82,
      "4": 82,
      "5": 82,
      "6": 82,
      "7": 82,
      "8": 14,
      "9": 14,
      "10": 3660,
      "11": 82,
      "12": 82,
      "13": 82,
      "14": 82,
      "15": 82,
      "16": 82,
      "17": 68,
      "18": 68,
      "19": 0,
      "20": 0,
      "21": 0,
      "22": 0,
      "23": 0
    },
    "f": {
      "0": 82,
      "1": 3660,
      "2": 14,
      "3": 68,
      "4": 0
    },
    "b": {
      "0": [
        82,
        0
      ],
      "1": [
        0,
        82
      ],
      "2": [
        82,
        0
      ],
      "3": [
        0,
        0
      ],
      "4": [
        0,
        0
      ]
    },
    "inputSourceMap": {
      "version": 3,
      "mappings": "AAqBQ;AArBR,OAAOA,oBAAmB;AAAe;AAAA;AAAA;AAAA;AAAA;AAAA;AAAA;AAAA;AAAA;AAAA;AAAA;AAAA;AAAA;AAEzC,OAAOC,aAAa;AAEpB,wBAAwBC,KAAK;AAAA,EAC3BC;AAAAA,EACAC;AAAAA,EACAC;AAKF,GAAG;AACD,WAASC,YAAYC,OAAkC;AACrDH,cAAUG,MAAMC,cAAcC,EAAE;AAChCJ,aAAS,IAAI;AAAA,EACf;AAEA,SACE,uBAAC,QAAG,WAAWJ,QAAQS,MAAM,SAASJ,aAAa,IAAK,GAAEH,SAASM,MACjE;AAAA,2BAAC,SAAI,WAAWR,QAAQU,aACtB,iCAAC,SAAI,KAAKR,SAASS,OAAO,KAAKT,SAASU,QAAxC;AAAA;AAAA;AAAA;AAAA,WAA6C,KAD/C;AAAA;AAAA;AAAA;AAAA,WAEA;AAAA,IACA,uBAAC,QAAG,WAAWZ,QAAQa,aAAcX,mBAASU,QAA9C;AAAA;AAAA;AAAA;AAAA,WAAmD;AAAA,OAJrD;AAAA;AAAA;AAAA;AAAA,SAKA;AAEJ;AAACE,KAtBuBb;AAAI;AAAAc",
      "names": [
        "React",
        "classes",
        "Card",
        "cardData",
        "setCardId",
        "setModal",
        "handleClick",
        "event",
        "currentTarget",
        "id",
        "card",
        "card__block",
        "image",
        "name",
        "card__title",
        "_c",
        "$RefreshReg$"
      ],
      "sources": [
        "C:/Users/grada/Desktop/VS projects/RSSchool-react/rss-react/src/pages/Home/CardList/Card/Card.tsx"
      ],
      "file": "C:/Users/grada/Desktop/VS projects/RSSchool-react/rss-react/src/pages/Home/CardList/Card/Card.tsx"
    },
    "_coverageSchema": "1a1c01bbd47fc00a2c39e90264f33305004495a9",
    "hash": "b9c86c1fc31daddba9589c108c63403eaf022c54"
  },
  "C:/Users/grada/Desktop/VS projects/RSSchool-react/rss-react/src/pages/Home/CardList/CardModal/CardModal.tsx": {
    "path": "C:/Users/grada/Desktop/VS projects/RSSchool-react/rss-react/src/pages/Home/CardList/CardModal/CardModal.tsx",
    "statementMap": {
      "0": {
        "start": {
          "line": 5,
          "column": 0
        },
        "end": {
          "line": 15,
          "column": 1
        }
      },
      "1": {
        "start": {
          "line": 6,
          "column": 2
        },
        "end": {
          "line": 8,
          "column": 3
        }
      },
      "2": {
        "start": {
          "line": 7,
          "column": 4
        },
        "end": {
          "line": 7,
          "column": 165
        }
      },
      "3": {
        "start": {
          "line": 9,
          "column": 2
        },
        "end": {
          "line": 9,
          "column": 39
        }
      },
      "4": {
        "start": {
          "line": 10,
          "column": 2
        },
        "end": {
          "line": 10,
          "column": 39
        }
      },
      "5": {
        "start": {
          "line": 11,
          "column": 2
        },
        "end": {
          "line": 13,
          "column": 4
        }
      },
      "6": {
        "start": {
          "line": 12,
          "column": 4
        },
        "end": {
          "line": 12,
          "column": 151
        }
      },
      "7": {
        "start": {
          "line": 14,
          "column": 2
        },
        "end": {
          "line": 14,
          "column": 75
        }
      },
      "8": {
        "start": {
          "line": 20,
          "column": 2
        },
        "end": {
          "line": 84,
          "column": 11
        }
      },
      "9": {
        "start": {
          "line": 86,
          "column": 0
        },
        "end": {
          "line": 86,
          "column": 15
        }
      },
      "10": {
        "start": {
          "line": 88,
          "column": 0
        },
        "end": {
          "line": 88,
          "column": 30
        }
      },
      "11": {
        "start": {
          "line": 89,
          "column": 0
        },
        "end": {
          "line": 105,
          "column": 1
        }
      },
      "12": {
        "start": {
          "line": 90,
          "column": 2
        },
        "end": {
          "line": 90,
          "column": 39
        }
      },
      "13": {
        "start": {
          "line": 91,
          "column": 2
        },
        "end": {
          "line": 91,
          "column": 39
        }
      },
      "14": {
        "start": {
          "line": 92,
          "column": 2
        },
        "end": {
          "line": 104,
          "column": 5
        }
      },
      "15": {
        "start": {
          "line": 96,
          "column": 4
        },
        "end": {
          "line": 96,
          "column": 177
        }
      },
      "16": {
        "start": {
          "line": 97,
          "column": 4
        },
        "end": {
          "line": 103,
          "column": 7
        }
      },
      "17": {
        "start": {
          "line": 98,
          "column": 6
        },
        "end": {
          "line": 99,
          "column": 15
        }
      },
      "18": {
        "start": {
          "line": 99,
          "column": 8
        },
        "end": {
          "line": 99,
          "column": 15
        }
      },
      "19": {
        "start": {
          "line": 100,
          "column": 32
        },
        "end": {
          "line": 100,
          "column": 115
        }
      },
      "20": {
        "start": {
          "line": 101,
          "column": 6
        },
        "end": {
          "line": 102,
          "column": 54
        }
      },
      "21": {
        "start": {
          "line": 102,
          "column": 8
        },
        "end": {
          "line": 102,
          "column": 54
        }
      }
    },
    "fnMap": {
      "0": {
        "name": "(anonymous_0)",
        "decl": {
          "start": {
            "line": 11,
            "column": 24
          },
          "end": {
            "line": 11,
            "column": 25
          }
        },
        "loc": {
          "start": {
            "line": 11,
            "column": 38
          },
          "end": {
            "line": 13,
            "column": 3
          }
        },
        "line": 11
      },
      "1": {
        "name": "CardModal",
        "decl": {
          "start": {
            "line": 17,
            "column": 24
          },
          "end": {
            "line": 17,
            "column": 33
          }
        },
        "loc": {
          "start": {
            "line": 19,
            "column": 3
          },
          "end": {
            "line": 85,
            "column": 1
          }
        },
        "line": 19
      },
      "2": {
        "name": "(anonymous_2)",
        "decl": {
          "start": {
            "line": 95,
            "column": 9
          },
          "end": {
            "line": 95,
            "column": 10
          }
        },
        "loc": {
          "start": {
            "line": 95,
            "column": 29
          },
          "end": {
            "line": 104,
            "column": 3
          }
        },
        "line": 95
      },
      "3": {
        "name": "(anonymous_3)",
        "decl": {
          "start": {
            "line": 97,
            "column": 27
          },
          "end": {
            "line": 97,
            "column": 28
          }
        },
        "loc": {
          "start": {
            "line": 97,
            "column": 44
          },
          "end": {
            "line": 103,
            "column": 5
          }
        },
        "line": 97
      }
    },
    "branchMap": {
      "0": {
        "loc": {
          "start": {
            "line": 5,
            "column": 0
          },
          "end": {
            "line": 15,
            "column": 1
          }
        },
        "type": "if",
        "locations": [
          {
            "start": {
              "line": 5,
              "column": 0
            },
            "end": {
              "line": 15,
              "column": 1
            }
          },
          {
            "start": {},
            "end": {}
          }
        ],
        "line": 5
      },
      "1": {
        "loc": {
          "start": {
            "line": 6,
            "column": 2
          },
          "end": {
            "line": 8,
            "column": 3
          }
        },
        "type": "if",
        "locations": [
          {
            "start": {
              "line": 6,
              "column": 2
            },
            "end": {
              "line": 8,
              "column": 3
            }
          },
          {
            "start": {},
            "end": {}
          }
        ],
        "line": 6
      },
      "2": {
        "loc": {
          "start": {
            "line": 89,
            "column": 0
          },
          "end": {
            "line": 105,
            "column": 1
          }
        },
        "type": "if",
        "locations": [
          {
            "start": {
              "line": 89,
              "column": 0
            },
            "end": {
              "line": 105,
              "column": 1
            }
          },
          {
            "start": {},
            "end": {}
          }
        ],
        "line": 89
      },
      "3": {
        "loc": {
          "start": {
            "line": 98,
            "column": 6
          },
          "end": {
            "line": 99,
            "column": 15
          }
        },
        "type": "if",
        "locations": [
          {
            "start": {
              "line": 98,
              "column": 6
            },
            "end": {
              "line": 99,
              "column": 15
            }
          },
          {
            "start": {},
            "end": {}
          }
        ],
        "line": 98
      },
      "4": {
        "loc": {
          "start": {
            "line": 101,
            "column": 6
          },
          "end": {
            "line": 102,
            "column": 54
          }
        },
        "type": "if",
        "locations": [
          {
            "start": {
              "line": 101,
              "column": 6
            },
            "end": {
              "line": 102,
              "column": 54
            }
          },
          {
            "start": {},
            "end": {}
          }
        ],
        "line": 101
      }
    },
    "s": {
      "0": 82,
      "1": 82,
      "2": 0,
      "3": 82,
      "4": 82,
      "5": 82,
      "6": 82,
      "7": 82,
      "8": 16,
      "9": 82,
      "10": 82,
      "11": 82,
      "12": 82,
      "13": 82,
      "14": 82,
      "15": 68,
      "16": 68,
      "17": 0,
      "18": 0,
      "19": 0,
      "20": 0,
      "21": 0
    },
    "f": {
      "0": 82,
      "1": 16,
      "2": 68,
      "3": 0
    },
    "b": {
      "0": [
        82,
        0
      ],
      "1": [
        0,
        82
      ],
      "2": [
        82,
        0
      ],
      "3": [
        0,
        0
      ],
      "4": [
        0,
        0
      ]
    },
    "inputSourceMap": {
      "version": 3,
      "mappings": "AAOM;AAPN,OAAOA,oBAAkB;AAAA;AAAA;AAAA;AAAA;AAAA;AAAA;AAAA;AAAA;AAAA;AAAA;AAAA;AAAA;AAAA;AAEzB,OAAOC,aAAa;AAEpB,wBAAwBC,UAAU;AAAA,EAAEC;AAA6C,GAAG;AAClF,SACE,uBAAC,SAAI,WAAWF,QAAQG,MACtB;AAAA,2BAAC,QAAG,WAAWH,QAAQI,YAAaF,yBAAeG,QAAnD;AAAA;AAAA;AAAA;AAAA,WAAwD;AAAA,IACxD,uBAAC,SAAI,WAAWL,QAAQM,iBAAxB;AAAA;AAAA;AAAA;AAAA,WAAuC;AAAA,IACvC,uBAAC,OAAE,WAAWN,QAAQO,eACpB;AAAA,6BAAC,UAAK,wBAAN;AAAA;AAAA;AAAA;AAAA,aAAc;AAAA,MAAO;AAAA,MAAEL,eAAeM;AAAAA,SADxC;AAAA;AAAA;AAAA;AAAA,WAEA;AAAA,IACA,uBAAC,SAAI,WAAWR,QAAQM,iBAAxB;AAAA;AAAA;AAAA;AAAA,WAAuC;AAAA,IACvC,uBAAC,OAAE,WAAWN,QAAQS,cACpB;AAAA,6BAAC,UAAK,uBAAN;AAAA;AAAA;AAAA;AAAA,aAAa;AAAA,MAAO;AAAA,MAAEP,eAAeQ;AAAAA,SADvC;AAAA;AAAA;AAAA;AAAA,WAEA;AAAA,IACA,uBAAC,SAAI,WAAWV,QAAQM,iBAAxB;AAAA;AAAA;AAAA;AAAA,WAAuC;AAAA,IACvC,uBAAC,OAAE,WAAWN,QAAQW,gBACpB;AAAA,6BAAC,UAAK,yBAAN;AAAA;AAAA;AAAA;AAAA,aAAe;AAAA,MAAO;AAAA,MAAET,eAAeU,SAASP;AAAAA,SADlD;AAAA;AAAA;AAAA;AAAA,WAEA;AAAA,OAbF;AAAA;AAAA;AAAA;AAAA,SAcA;AAEJ;AAACQ,KAlBuBZ;AAAS;AAAAa",
      "names": [
        "React",
        "classes",
        "CardModal",
        "characterData",
        "item",
        "item__name",
        "name",
        "item__divider",
        "item__species",
        "species",
        "item__status",
        "status",
        "item__location",
        "location",
        "_c",
        "$RefreshReg$"
      ],
      "sources": [
        "C:/Users/grada/Desktop/VS projects/RSSchool-react/rss-react/src/pages/Home/CardList/CardModal/CardModal.tsx"
      ],
      "file": "C:/Users/grada/Desktop/VS projects/RSSchool-react/rss-react/src/pages/Home/CardList/CardModal/CardModal.tsx"
    },
    "_coverageSchema": "1a1c01bbd47fc00a2c39e90264f33305004495a9",
    "hash": "43305db5d9e24c697209a1b282111f39ce1ff804"
  },
  "C:/Users/grada/Desktop/VS projects/RSSchool-react/rss-react/src/components/Loading/Loading.tsx": {
    "path": "C:/Users/grada/Desktop/VS projects/RSSchool-react/rss-react/src/components/Loading/Loading.tsx",
    "statementMap": {
      "0": {
        "start": {
          "line": 5,
          "column": 0
        },
        "end": {
          "line": 15,
          "column": 1
        }
      },
      "1": {
        "start": {
          "line": 6,
          "column": 2
        },
        "end": {
          "line": 8,
          "column": 3
        }
      },
      "2": {
        "start": {
          "line": 7,
          "column": 4
        },
        "end": {
          "line": 7,
          "column": 165
        }
      },
      "3": {
        "start": {
          "line": 9,
          "column": 2
        },
        "end": {
          "line": 9,
          "column": 39
        }
      },
      "4": {
        "start": {
          "line": 10,
          "column": 2
        },
        "end": {
          "line": 10,
          "column": 39
        }
      },
      "5": {
        "start": {
          "line": 11,
          "column": 2
        },
        "end": {
          "line": 13,
          "column": 4
        }
      },
      "6": {
        "start": {
          "line": 12,
          "column": 4
        },
        "end": {
          "line": 12,
          "column": 138
        }
      },
      "7": {
        "start": {
          "line": 14,
          "column": 2
        },
        "end": {
          "line": 14,
          "column": 75
        }
      },
      "8": {
        "start": {
          "line": 18,
          "column": 2
        },
        "end": {
          "line": 30,
          "column": 11
        }
      },
      "9": {
        "start": {
          "line": 32,
          "column": 0
        },
        "end": {
          "line": 32,
          "column": 13
        }
      },
      "10": {
        "start": {
          "line": 34,
          "column": 0
        },
        "end": {
          "line": 34,
          "column": 28
        }
      },
      "11": {
        "start": {
          "line": 35,
          "column": 0
        },
        "end": {
          "line": 51,
          "column": 1
        }
      },
      "12": {
        "start": {
          "line": 36,
          "column": 2
        },
        "end": {
          "line": 36,
          "column": 39
        }
      },
      "13": {
        "start": {
          "line": 37,
          "column": 2
        },
        "end": {
          "line": 37,
          "column": 39
        }
      },
      "14": {
        "start": {
          "line": 38,
          "column": 2
        },
        "end": {
          "line": 50,
          "column": 5
        }
      },
      "15": {
        "start": {
          "line": 42,
          "column": 4
        },
        "end": {
          "line": 42,
          "column": 164
        }
      },
      "16": {
        "start": {
          "line": 43,
          "column": 4
        },
        "end": {
          "line": 49,
          "column": 7
        }
      },
      "17": {
        "start": {
          "line": 44,
          "column": 6
        },
        "end": {
          "line": 45,
          "column": 15
        }
      },
      "18": {
        "start": {
          "line": 45,
          "column": 8
        },
        "end": {
          "line": 45,
          "column": 15
        }
      },
      "19": {
        "start": {
          "line": 46,
          "column": 32
        },
        "end": {
          "line": 46,
          "column": 115
        }
      },
      "20": {
        "start": {
          "line": 47,
          "column": 6
        },
        "end": {
          "line": 48,
          "column": 54
        }
      },
      "21": {
        "start": {
          "line": 48,
          "column": 8
        },
        "end": {
          "line": 48,
          "column": 54
        }
      }
    },
    "fnMap": {
      "0": {
        "name": "(anonymous_0)",
        "decl": {
          "start": {
            "line": 11,
            "column": 24
          },
          "end": {
            "line": 11,
            "column": 25
          }
        },
        "loc": {
          "start": {
            "line": 11,
            "column": 38
          },
          "end": {
            "line": 13,
            "column": 3
          }
        },
        "line": 11
      },
      "1": {
        "name": "Loading",
        "decl": {
          "start": {
            "line": 17,
            "column": 24
          },
          "end": {
            "line": 17,
            "column": 31
          }
        },
        "loc": {
          "start": {
            "line": 17,
            "column": 34
          },
          "end": {
            "line": 31,
            "column": 1
          }
        },
        "line": 17
      },
      "2": {
        "name": "(anonymous_2)",
        "decl": {
          "start": {
            "line": 41,
            "column": 9
          },
          "end": {
            "line": 41,
            "column": 10
          }
        },
        "loc": {
          "start": {
            "line": 41,
            "column": 29
          },
          "end": {
            "line": 50,
            "column": 3
          }
        },
        "line": 41
      },
      "3": {
        "name": "(anonymous_3)",
        "decl": {
          "start": {
            "line": 43,
            "column": 27
          },
          "end": {
            "line": 43,
            "column": 28
          }
        },
        "loc": {
          "start": {
            "line": 43,
            "column": 44
          },
          "end": {
            "line": 49,
            "column": 5
          }
        },
        "line": 43
      }
    },
    "branchMap": {
      "0": {
        "loc": {
          "start": {
            "line": 5,
            "column": 0
          },
          "end": {
            "line": 15,
            "column": 1
          }
        },
        "type": "if",
        "locations": [
          {
            "start": {
              "line": 5,
              "column": 0
            },
            "end": {
              "line": 15,
              "column": 1
            }
          },
          {
            "start": {},
            "end": {}
          }
        ],
        "line": 5
      },
      "1": {
        "loc": {
          "start": {
            "line": 6,
            "column": 2
          },
          "end": {
            "line": 8,
            "column": 3
          }
        },
        "type": "if",
        "locations": [
          {
            "start": {
              "line": 6,
              "column": 2
            },
            "end": {
              "line": 8,
              "column": 3
            }
          },
          {
            "start": {},
            "end": {}
          }
        ],
        "line": 6
      },
      "2": {
        "loc": {
          "start": {
            "line": 35,
            "column": 0
          },
          "end": {
            "line": 51,
            "column": 1
          }
        },
        "type": "if",
        "locations": [
          {
            "start": {
              "line": 35,
              "column": 0
            },
            "end": {
              "line": 51,
              "column": 1
            }
          },
          {
            "start": {},
            "end": {}
          }
        ],
        "line": 35
      },
      "3": {
        "loc": {
          "start": {
            "line": 44,
            "column": 6
          },
          "end": {
            "line": 45,
            "column": 15
          }
        },
        "type": "if",
        "locations": [
          {
            "start": {
              "line": 44,
              "column": 6
            },
            "end": {
              "line": 45,
              "column": 15
            }
          },
          {
            "start": {},
            "end": {}
          }
        ],
        "line": 44
      },
      "4": {
        "loc": {
          "start": {
            "line": 47,
            "column": 6
          },
          "end": {
            "line": 48,
            "column": 54
          }
        },
        "type": "if",
        "locations": [
          {
            "start": {
              "line": 47,
              "column": 6
            },
            "end": {
              "line": 48,
              "column": 54
            }
          },
          {
            "start": {},
            "end": {}
          }
        ],
        "line": 47
      }
    },
    "s": {
      "0": 82,
      "1": 82,
      "2": 0,
      "3": 82,
      "4": 82,
      "5": 82,
      "6": 82,
      "7": 82,
      "8": 90,
      "9": 82,
      "10": 82,
      "11": 82,
      "12": 82,
      "13": 82,
      "14": 82,
      "15": 68,
      "16": 68,
      "17": 0,
      "18": 0,
      "19": 0,
      "20": 0,
      "21": 0
    },
    "f": {
      "0": 82,
[...]
    "_coverageSchema": "1a1c01bbd47fc00a2c39e90264f33305004495a9",
    "hash": "3c4ab537027881acd346f6b2170145cf27b2f56a"
  },
  "C:/Users/grada/Desktop/VS projects/RSSchool-react/rss-react/src/App.tsx": {
    "path": "C:/Users/grada/Desktop/VS projects/RSSchool-react/rss-react/src/App.tsx",
    "statementMap": {
      "0": {
        "start": {
          "line": 5,
          "column": 0
        },
        "end": {
          "line": 15,
          "column": 1
        }
      },
      "1": {
        "start": {
          "line": 6,
          "column": 2
        },
        "end": {
          "line": 8,
          "column": 3
        }
      },
      "2": {
        "start": {
          "line": 7,
          "column": 4
        },
        "end": {
          "line": 7,
          "column": 165
        }
      },
      "3": {
        "start": {
          "line": 9,
          "column": 2
        },
        "end": {
          "line": 9,
          "column": 39
        }
      },
      "4": {
        "start": {
          "line": 10,
          "column": 2
        },
        "end": {
          "line": 10,
          "column": 39
        }
      },
      "5": {
        "start": {
          "line": 11,
          "column": 2
        },
        "end": {
          "line": 13,
          "column": 4
        }
      },
      "6": {
        "start": {
          "line": 12,
          "column": 4
        },
        "end": {
          "line": 12,
          "column": 115
        }
      },
      "7": {
        "start": {
          "line": 14,
          "column": 2
        },
        "end": {
          "line": 14,
          "column": 75
        }
      },
      "8": {
        "start": {
          "line": 23,
          "column": 2
        },
        "end": {
          "line": 47,
          "column": 11
        }
      },
      "9": {
        "start": {
          "line": 49,
          "column": 0
        },
        "end": {
          "line": 49,
          "column": 9
        }
      },
      "10": {
        "start": {
          "line": 52,
          "column": 0
        },
        "end": {
          "line": 52,
          "column": 24
        }
      },
      "11": {
        "start": {
          "line": 53,
          "column": 0
        },
        "end": {
          "line": 69,
          "column": 1
        }
      },
      "12": {
        "start": {
          "line": 54,
          "column": 2
        },
        "end": {
          "line": 54,
          "column": 39
        }
      },
      "13": {
        "start": {
          "line": 55,
          "column": 2
        },
        "end": {
          "line": 55,
          "column": 39
        }
      },
      "14": {
        "start": {
          "line": 56,
          "column": 2
        },
        "end": {
          "line": 68,
          "column": 5
        }
      },
      "15": {
        "start": {
          "line": 60,
          "column": 4
        },
        "end": {
          "line": 60,
          "column": 141
        }
      },
      "16": {
        "start": {
          "line": 61,
          "column": 4
        },
        "end": {
          "line": 67,
          "column": 7
        }
      },
      "17": {
        "start": {
          "line": 62,
          "column": 6
        },
        "end": {
          "line": 63,
          "column": 15
        }
      },
      "18": {
        "start": {
          "line": 63,
          "column": 8
        },
        "end": {
          "line": 63,
          "column": 15
        }
      },
      "19": {
        "start": {
          "line": 64,
          "column": 32
        },
        "end": {
          "line": 64,
          "column": 115
        }
      },
      "20": {
        "start": {
          "line": 65,
          "column": 6
        },
        "end": {
          "line": 66,
          "column": 54
        }
      },
      "21": {
        "start": {
          "line": 66,
          "column": 8
        },
        "end": {
          "line": 66,
          "column": 54
        }
      }
    },
    "fnMap": {
      "0": {
        "name": "(anonymous_0)",
        "decl": {
          "start": {
            "line": 11,
            "column": 24
          },
          "end": {
            "line": 11,
            "column": 25
          }
        },
        "loc": {
          "start": {
            "line": 11,
            "column": 38
          },
          "end": {
            "line": 13,
            "column": 3
          }
        },
        "line": 11
      },
      "1": {
        "name": "App",
        "decl": {
          "start": {
            "line": 22,
            "column": 9
          },
          "end": {
            "line": 22,
            "column": 12
          }
        },
        "loc": {
          "start": {
            "line": 22,
            "column": 15
          },
          "end": {
            "line": 48,
            "column": 1
          }
        },
        "line": 22
      },
      "2": {
        "name": "(anonymous_2)",
        "decl": {
          "start": {
            "line": 59,
            "column": 9
          },
          "end": {
            "line": 59,
            "column": 10
          }
        },
        "loc": {
          "start": {
            "line": 59,
            "column": 29
          },
          "end": {
            "line": 68,
            "column": 3
          }
        },
        "line": 59
      },
      "3": {
        "name": "(anonymous_3)",
        "decl": {
          "start": {
            "line": 61,
            "column": 27
          },
          "end": {
            "line": 61,
            "column": 28
          }
        },
        "loc": {
          "start": {
            "line": 61,
            "column": 44
          },
          "end": {
            "line": 67,
            "column": 5
          }
        },
        "line": 61
      }
    },
    "branchMap": {
      "0": {
        "loc": {
          "start": {
            "line": 5,
            "column": 0
          },
          "end": {
            "line": 15,
            "column": 1
          }
        },
        "type": "if",
        "locations": [
          {
            "start": {
              "line": 5,
              "column": 0
            },
            "end": {
              "line": 15,
              "column": 1
            }
          },
          {
            "start": {},
            "end": {}
          }
        ],
        "line": 5
      },
      "1": {
        "loc": {
          "start": {
            "line": 6,
            "column": 2
          },
          "end": {
            "line": 8,
            "column": 3
          }
        },
        "type": "if",
        "locations": [
          {
            "start": {
              "line": 6,
              "column": 2
            },
            "end": {
              "line": 8,
              "column": 3
            }
          },
          {
            "start": {},
            "end": {}
          }
        ],
        "line": 6
      },
      "2": {
        "loc": {
          "start": {
            "line": 53,
            "column": 0
          },
          "end": {
            "line": 69,
            "column": 1
          }
        },
        "type": "if",
        "locations": [
          {
            "start": {
              "line": 53,
              "column": 0
            },
            "end": {
              "line": 69,
              "column": 1
            }
          },
          {
            "start": {},
            "end": {}
          }
        ],
        "line": 53
      },
      "3": {
        "loc": {
          "start": {
            "line": 62,
            "column": 6
          },
          "end": {
            "line": 63,
            "column": 15
          }
        },
        "type": "if",
        "locations": [
          {
            "start": {
              "line": 62,
              "column": 6
            },
            "end": {
              "line": 63,
              "column": 15
            }
          },
          {
            "start": {},
            "end": {}
          }
        ],
        "line": 62
      },
      "4": {
        "loc": {
          "start": {
            "line": 65,
            "column": 6
          },
          "end": {
            "line": 66,
            "column": 54
          }
        },
        "type": "if",
        "locations": [
          {
            "start": {
              "line": 65,
              "column": 6
            },
            "end": {
              "line": 66,
              "column": 54
            }
          },
          {
            "start": {},
            "end": {}
          }
        ],
        "line": 65
      }
    },
    "s": {
      "0": 82,
      "1": 82,
      "2": 0,
      "3": 82,
      "4": 82,
      "5": 82,
      "6": 82,
      "7": 82,
      "8": 94,
      "9": 82,
      "10": 82,
      "11": 82,
      "12": 82,
      "13": 82,
      "14": 82,
      "15": 68,
      "16": 68,
      "17": 0,
      "18": 0,
      "19": 0,
      "20": 0,
      "21": 0
    },
    "f": {
      "0": 82,
      "1": 94,
      "2": 68,
      "3": 0
    },
    "b": {
      "0": [
        82,
        0
      ],
      "1": [
        0,
        82
      ],
      "2": [
        82,
        0
      ],
      "3": [
        0,
        0
      ],
      "4": [
        0,
        0
      ]
    },
    "inputSourceMap": {
      "version": 3,
      "mappings": "AAWM;AAXN,OAAOA,oBAAkB;AAAA;AAAA;AAAA;AAAA;AAAA;AAAA;AAAA;AAAA;AAAA;AAAA;AAAA;AAAA;AAAA;AACzB,OAAOC,YAAY;AACnB,OAAOC,aAAa;AACpB,OAAOC,YAAY;AACnB,OAAOC,YAAY;AACnB,SAASC,gBAAgB;AACzB,SAASC,aAAa;AAEtB,SAASC,MAAM;AACb,SACE,uBAAC,YAAS,OACR;AAAA,2BAAC,YAAD;AAAA;AAAA;AAAA;AAAA,WAAO;AAAA,IACP,uBAAC,UAAK,WAAWL,QAAQM,MACvB,iCAAC,YAAD;AAAA;AAAA;AAAA;AAAA,WAAO,KADT;AAAA;AAAA;AAAA;AAAA,WAEA;AAAA,IACA,uBAAC,YAAD;AAAA;AAAA;AAAA;AAAA,WAAO;AAAA,OALT;AAAA;AAAA;AAAA;AAAA,SAMA;AAEJ;AAACC,KAVQF;AAYT,eAAeA;AAAI;AAAAG",
      "names": [
        "React",
        "Router",
        "classes",
        "Header",
        "Footer",
        "Provider",
        "store",
        "App",
        "main",
        "_c",
        "$RefreshReg$"
      ],
      "sources": [
        "C:/Users/grada/Desktop/VS projects/RSSchool-react/rss-react/src/App.tsx"
      ],
      "file": "C:/Users/grada/Desktop/VS projects/RSSchool-react/rss-react/src/App.tsx"
    },
    "_coverageSchema": "1a1c01bbd47fc00a2c39e90264f33305004495a9",
    "hash": "b10cec5f1c427943ea950e1f2bb62549f3294ee7"
  },
  "C:/Users/grada/Desktop/VS projects/RSSchool-react/rss-react/src/main.tsx": {
    "path": "C:/Users/grada/Desktop/VS projects/RSSchool-react/rss-react/src/main.tsx",
    "statementMap": {
      "0": {
        "start": {
          "line": 7,
          "column": 0
        },
        "end": {
          "line": 19,
          "column": 10
        }
      }
    },
    "fnMap": {},
    "branchMap": {},
    "s": {
      "0": 12
    },
    "f": {},
    "b": {},
    "inputSourceMap": {
      "version": 3,
      "mappings": "AASM;AATN,OAAOA,WAAW;AAClB,OAAOC,cAAc;AACrB,SAASC,qBAAqB;AAC9B,OAAOC,SAAS;AAChB,OAAO;AAEPF,SAASG,WAAWC,SAASC,eAAe,MAAM,CAAgB,EAAEC,OAClE,uBAAC,MAAM,YAAN,EACC,iCAAC,iBACC,iCAAC,SAAD;AAAA;AAAA;AAAA;AAAA,OAAI,KADN;AAAA;AAAA;AAAA;AAAA,OAEA,KAHF;AAAA;AAAA;AAAA;AAAA,OAIA,CAAmB",
      "names": [
        "React",
        "ReactDOM",
        "BrowserRouter",
        "App",
        "createRoot",
        "document",
        "getElementById",
        "render"
      ],
      "sources": [
        "C:/Users/grada/Desktop/VS projects/RSSchool-react/rss-react/src/main.tsx"
      ],
      "file": "C:/Users/grada/Desktop/VS projects/RSSchool-react/rss-react/src/main.tsx"
    },
    "_coverageSchema": "1a1c01bbd47fc00a2c39e90264f33305004495a9",
    "hash": "67a09144a21a6ae345a530c77647b6f5f37f16fc"
  },
  "C:/Users/grada/Desktop/VS projects/RSSchool-react/rss-react/src/entry-client.tsx": {
    "path": "C:/Users/grada/Desktop/VS projects/RSSchool-react/rss-react/src/entry-client.tsx",
    "statementMap": {
      "0": {
        "start": {
          "line": 8,
          "column": 14
        },
        "end": {
          "line": 8,
          "column": 51
        }
      },
      "1": {
        "start": {
          "line": 9,
          "column": 0
        },
        "end": {
          "line": 9,
          "column": 34
        }
      },
      "2": {
        "start": {
          "line": 10,
          "column": 0
        },
        "end": {
          "line": 22,
          "column": 10
        }
      }
    },
    "fnMap": {},
    "branchMap": {},
    "s": {
      "0": 70,
      "1": 70,
      "2": 70
    },
    "f": {},
    "b": {},
    "inputSourceMap": {
      "version": 3,
      "mappings": "AAwBM;AAvBN,SAASA,mBAAmB;AAC5B,SAASC,gBAAgB;AACzB,SAASC,qBAAqB;AAE9B,OAAOC,SAAS;AAEhB,SAAsBC,iBAAiB;AAEvC,OAAO;AAOP,MAAMC,QAAQD,UAAWE,OAA0BC,mBAAmB;AAEtE,OAAQD,OAA0BC;AAElCP,YACEQ,SAASC,eAAe,MAAM,GAC9B,uBAAC,YAAS,OACR,iCAAC,iBACC,iCAAC,SAAD;AAAA;AAAA;AAAA;AAAA,OAAI,KADN;AAAA;AAAA;AAAA;AAAA,OAEA,KAHF;AAAA;AAAA;AAAA;AAAA,OAIA,CAAW",
      "names": [
        "hydrateRoot",
        "Provider",
        "BrowserRouter",
        "App",
        "initStore",
        "store",
        "window",
        "__PRELOADED_STATE__",
        "document",
        "getElementById"
      ],
      "sources": [
        "C:/Users/grada/Desktop/VS projects/RSSchool-react/rss-react/src/entry-client.tsx"
      ],
      "file": "C:/Users/grada/Desktop/VS projects/RSSchool-react/rss-react/src/entry-client.tsx"
    },
    "_coverageSchema": "1a1c01bbd47fc00a2c39e90264f33305004495a9",
    "hash": "4f2d8d6126983646b6c098f2c6bd27191c77479e"
  },
  "C:/Users/grada/Desktop/VS projects/RSSchool-react/rss-react/src/mocks/handlers.ts": {
    "path": "C:/Users/grada/Desktop/VS projects/RSSchool-react/rss-react/src/mocks/handlers.ts",
    "statementMap": {},
    "fnMap": {},
    "branchMap": {},
    "s": {},
    "f": {},
    "b": {}
  },
  "C:/Users/grada/Desktop/VS projects/RSSchool-react/rss-react/src/mocks/mocks.ts": {
    "path": "C:/Users/grada/Desktop/VS projects/RSSchool-react/rss-react/src/mocks/mocks.ts",
    "statementMap": {},
    "fnMap": {},
    "branchMap": {},
    "s": {},
    "f": {},
    "b": {}
  },
  "C:/Users/grada/Desktop/VS projects/RSSchool-react/rss-react/src/mocks/server.ts": {
    "path": "C:/Users/grada/Desktop/VS projects/RSSchool-react/rss-react/src/mocks/server.ts",
    "statementMap": {},
    "fnMap": {},
    "branchMap": {},
    "s": {},
    "f": {},
    "b": {}
  },
  "C:/Users/grada/Desktop/VS projects/RSSchool-react/rss-react/src/entry-server.tsx": {
    "path": "C:/Users/grada/Desktop/VS projects/RSSchool-react/rss-react/src/entry-server.tsx",
    "statementMap": {},
    "fnMap": {},
    "branchMap": {},
    "s": {},
    "f": {},
    "b": {}
  },
  "C:/Users/grada/Desktop/VS projects/RSSchool-react/rss-react/src/components/Button/Button.test.tsx": {
    "path": "C:/Users/grada/Desktop/VS projects/RSSchool-react/rss-react/src/components/Button/Button.test.tsx",
    "statementMap": {},
    "fnMap": {},
    "branchMap": {},
    "s": {},
    "f": {},
    "b": {}
  },
  "C:/Users/grada/Desktop/VS projects/RSSchool-react/rss-react/src/components/Container/Container.test.tsx": {
    "path": "C:/Users/grada/Desktop/VS projects/RSSchool-react/rss-react/src/components/Container/Container.test.tsx",
    "statementMap": {},
    "fnMap": {},
    "branchMap": {},
    "s": {},
    "f": {},
    "b": {}
  },
  "C:/Users/grada/Desktop/VS projects/RSSchool-react/rss-react/src/components/Footer/Footer.test.tsx": {
    "path": "C:/Users/grada/Desktop/VS projects/RSSchool-react/rss-react/src/components/Footer/Footer.test.tsx",
    "statementMap": {},
    "fnMap": {},
    "branchMap": {},
    "s": {},
    "f": {},
    "b": {}
  },
  "C:/Users/grada/Desktop/VS projects/RSSchool-react/rss-react/src/components/Form/Form.test.tsx": {
    "path": "C:/Users/grada/Desktop/VS projects/RSSchool-react/rss-react/src/components/Form/Form.test.tsx",
    "statementMap": {},
    "fnMap": {},
    "branchMap": {},
    "s": {},
    "f": {},
    "b": {}
  },
  "C:/Users/grada/Desktop/VS projects/RSSchool-react/rss-react/src/components/Header/Header.test.tsx": {
    "path": "C:/Users/grada/Desktop/VS projects/RSSchool-react/rss-react/src/components/Header/Header.test.tsx",
    "statementMap": {},
    "fnMap": {},
    "branchMap": {},
    "s": {},
    "f": {},
    "b": {}
  },
  "C:/Users/grada/Desktop/VS projects/RSSchool-react/rss-react/src/components/Loading/Loading.test.tsx": {
    "path": "C:/Users/grada/Desktop/VS projects/RSSchool-react/rss-react/src/components/Loading/Loading.test.tsx",
    "statementMap": {},
    "fnMap": {},
    "branchMap": {},
    "s": {},
    "f": {},
    "b": {}
  },
  "C:/Users/grada/Desktop/VS projects/RSSchool-react/rss-react/src/components/ModalWindow/ModalWindow.test.tsx": {
    "path": "C:/Users/grada/Desktop/VS projects/RSSchool-react/rss-react/src/components/ModalWindow/ModalWindow.test.tsx",
    "statementMap": {},
    "fnMap": {},
    "branchMap": {},
    "s": {},
    "f": {},
    "b": {}
  },
  "C:/Users/grada/Desktop/VS projects/RSSchool-react/rss-react/src/components/NotFound/NotFound.test.tsx": {
    "path": "C:/Users/grada/Desktop/VS projects/RSSchool-react/rss-react/src/components/NotFound/NotFound.test.tsx",
    "statementMap": {},
    "fnMap": {},
    "branchMap": {},
    "s": {},
    "f": {},
    "b": {}
  },
  "C:/Users/grada/Desktop/VS projects/RSSchool-react/rss-react/src/components/SearchForm/SearchForm.test.tsx": {
    "path": "C:/Users/grada/Desktop/VS projects/RSSchool-react/rss-react/src/components/SearchForm/SearchForm.test.tsx",
    "statementMap": {},
    "fnMap": {},
    "branchMap": {},
    "s": {},
    "f": {},
    "b": {}
  },
  "C:/Users/grada/Desktop/VS projects/RSSchool-react/rss-react/src/pages/AboutUs/AboutUs.test.tsx": {
    "path": "C:/Users/grada/Desktop/VS projects/RSSchool-react/rss-react/src/pages/AboutUs/AboutUs.test.tsx",
    "statementMap": {},
    "fnMap": {},
    "branchMap": {},
    "s": {},
    "f": {},
    "b": {}
  },
  "C:/Users/grada/Desktop/VS projects/RSSchool-react/rss-react/src/pages/ErrorPage/ErrorPage.test.tsx": {
    "path": "C:/Users/grada/Desktop/VS projects/RSSchool-react/rss-react/src/pages/ErrorPage/ErrorPage.test.tsx",
    "statementMap": {},
    "fnMap": {},
    "branchMap": {},
    "s": {},
    "f": {},
    "b": {}
  },
  "C:/Users/grada/Desktop/VS projects/RSSchool-react/rss-react/src/pages/FormPage/FormPage.test.tsx": {
    "path": "C:/Users/grada/Desktop/VS projects/RSSchool-react/rss-react/src/pages/FormPage/FormPage.test.tsx",
    "statementMap": {},
    "fnMap": {},
    "branchMap": {},
    "s": {},
    "f": {},
    "b": {}
  },
  "C:/Users/grada/Desktop/VS projects/RSSchool-react/rss-react/src/pages/Home/Home.test.tsx": {
    "path": "C:/Users/grada/Desktop/VS projects/RSSchool-react/rss-react/src/pages/Home/Home.test.tsx",
    "statementMap": {},
    "fnMap": {},
    "branchMap": {},
    "s": {},
    "f": {},
    "b": {}
  },
  "C:/Users/grada/Desktop/VS projects/RSSchool-react/rss-react/src/components/Form/FormModal/FormModal.test.tsx": {
    "path": "C:/Users/grada/Desktop/VS projects/RSSchool-react/rss-react/src/components/Form/FormModal/FormModal.test.tsx",
    "statementMap": {},
    "fnMap": {},
    "branchMap": {},
    "s": {},
    "f": {},
    "b": {}
  },
  "C:/Users/grada/Desktop/VS projects/RSSchool-react/rss-react/src/pages/FormPage/UserCard/UserCard.test.tsx": {
    "path": "C:/Users/grada/Desktop/VS projects/RSSchool-react/rss-react/src/pages/FormPage/UserCard/UserCard.test.tsx",
    "statementMap": {},
    "fnMap": {},
    "branchMap": {},
    "s": {},
    "f": {},
    "b": {}
  },
  "C:/Users/grada/Desktop/VS projects/RSSchool-react/rss-react/src/pages/Home/CardList/Card/Card.test.tsx": {
    "path": "C:/Users/grada/Desktop/VS projects/RSSchool-react/rss-react/src/pages/Home/CardList/Card/Card.test.tsx",
    "statementMap": {},
    "fnMap": {},
    "branchMap": {},
    "s": {},
    "f": {},
    "b": {}
  }
}
